<?xml version="1.0" encoding="UTF-8"?>
<testsuite xmlns:xsi="http://www.w3.org/2001/XMLSchema-instance" xsi:noNamespaceSchemaLocation="https://maven.apache.org/surefire/maven-surefire-plugin/xsd/surefire-test-report-3.0.xsd" version="3.0" name="Test set &quot;Student: Settings - Password&quot;" time="11.285" tests="1" errors="1" skipped="0" failures="0">
  <properties>
[...]
</properties>
  <testcase name="Change student password Positive with Daria Step definitions" classname="Test set &quot;Student: Settings - Password&quot;" time="10.962">
    <error message="no such element: Unable to locate element: {&quot;method&quot;:&quot;xpath&quot;,&quot;selector&quot;:&quot;//h5[contains(text(),&apos;Settings&apos;)]&quot;}&#10;  (Session info: chrome=110.0.5481.100)&#10;For documentation on this error, please visit: https://www.seleniumhq.org/exceptions/no_such_element.html&#10;Build info: version: &apos;3.141.59&apos;, revision: &apos;e82be7d358&apos;, time: &apos;2018-11-14T08:17:03&apos;&#10;System info: host: &apos;MTVC02PQ1J3G8WL&apos;, ip: &apos;fd08:aca2:f8dc:0:d55:4f1:cd1a:139c%en0&apos;, os.name: &apos;Mac OS X&apos;, os.arch: &apos;x86_64&apos;, os.version: &apos;10.15.7&apos;, java.version: &apos;14.0.2&apos;&#10;Driver info: org.openqa.selenium.chrome.ChromeDriver&#10;Capabilities {acceptInsecureCerts: false, browserName: chrome, browserVersion: 110.0.5481.100, chrome: {chromedriverVersion: 110.0.5481.77 (65ed616c6e8e..., userDataDir: /var/folders/m9/j2vnwyrn3hz...}, goog:chromeOptions: {debuggerAddress: localhost:50165}, javascriptEnabled: true, networkConnectionEnabled: false, pageLoadStrategy: normal, platform: MAC, platformName: MAC, proxy: Proxy(), setWindowRect: true, strictFileInteractability: false, timeouts: {implicit: 0, pageLoad: 300000, script: 30000}, unhandledPromptBehavior: dismiss and notify, webauthn:extension:credBlob: true, webauthn:extension:largeBlob: true, webauthn:virtualAuthenticators: true}&#10;Session ID: 033f193336eb01e676e3665ebd9d0434&#10;*** Element info: {Using=xpath, value=//h5[contains(text(),&apos;Settings&apos;)]}" type="org.openqa.selenium.NoSuchElementException"><![CDATA[org.openqa.selenium.NoSuchElementException: 
no such element: Unable to locate element: {"method":"xpath","selector":"//h5[contains(text(),'Settings')]"}
  (Session info: chrome=110.0.5481.100)
For documentation on this error, please visit: https://www.seleniumhq.org/exceptions/no_such_element.html
Build info: version: '3.141.59', revision: 'e82be7d358', time: '2018-11-14T08:17:03'
System info: host: 'MTVC02PQ1J3G8WL', ip: 'fd08:aca2:f8dc:0:d55:4f1:cd1a:139c%en0', os.name: 'Mac OS X', os.arch: 'x86_64', os.version: '10.15.7', java.version: '14.0.2'
Driver info: org.openqa.selenium.chrome.ChromeDriver
Capabilities {acceptInsecureCerts: false, browserName: chrome, browserVersion: 110.0.5481.100, chrome: {chromedriverVersion: 110.0.5481.77 (65ed616c6e8e..., userDataDir: /var/folders/m9/j2vnwyrn3hz...}, goog:chromeOptions: {debuggerAddress: localhost:50165}, javascriptEnabled: true, networkConnectionEnabled: false, pageLoadStrategy: normal, platform: MAC, platformName: MAC, proxy: Proxy(), setWindowRect: true, strictFileInteractability: false, timeouts: {implicit: 0, pageLoad: 300000, script: 30000}, unhandledPromptBehavior: dismiss and notify, webauthn:extension:credBlob: true, webauthn:extension:largeBlob: true, webauthn:virtualAuthenticators: true}
Session ID: 033f193336eb01e676e3665ebd9d0434
*** Element info: {Using=xpath, value=//h5[contains(text(),'Settings')]}
]]></error>
    <system-out><![CDATA[BeforeAll
Feature: Test set "Student: Settings - Password"

  Background:                                                                                  &amp#27;[90m# src/test/resources/features/Daria_S_StudentSettingsPassword.feature:2&amp#27;[0m
INFO 11:09:18:560 wdm.WebDriverManager detectDriverVersionFromBrowser:615 Using chromedriver 110.0.5481.77 (since Google Chrome 110 is installed in your machine)
INFO 11:09:18:612 wdm.WebDriverManager exportDriver:1113 Exporting webdriver.chrome.driver as /Users/averkhovskaya/.m2/repository/webdriver/chromedriver/mac64/110.0.5481.77/chromedriver
    &amp#27;[32mGiven &amp#27;[0m&amp#27;[32mI open url "&amp#27;[0m&amp#27;[32m&amp#27;[1mhttp://ask-internship.portnov.com/&amp#27;[0m&amp#27;[32m"&amp#27;[0m                                      &amp#27;[90m# PredefinedStepDefs.iOpenUrl(String)&amp#27;[0m
    &amp#27;[32mThen &amp#27;[0m&amp#27;[32mI type "&amp#27;[0m&amp#27;[32m&amp#27;[1mstudent3@gmail.com&amp#27;[0m&amp#27;[32m" into element with xpath "&amp#27;[0m&amp#27;[32m&amp#27;[1m//input[@placeholder='Email *']&amp#27;[0m&amp#27;[32m"&amp#27;[0m &amp#27;[90m# PredefinedStepDefs.iTypeIntoElementWithXpath(String,String)&amp#27;[0m
    &amp#27;[32mAnd &amp#27;[0m&amp#27;[32mI type "&amp#27;[0m&amp#27;[32m&amp#27;[1m12345ABc&amp#27;[0m&amp#27;[32m" into element with xpath "&amp#27;[0m&amp#27;[32m&amp#27;[1m//input[@type='password']&amp#27;[0m&amp#27;[32m"&amp#27;[0m                  &amp#27;[90m# PredefinedStepDefs.iTypeIntoElementWithXpath(String,String)&amp#27;[0m
    &amp#27;[32mWhen &amp#27;[0m&amp#27;[32mI click on element with xpath "&amp#27;[0m&amp#27;[32m&amp#27;[1m//button[@class='mat-raised-button mat-primary']&amp#27;[0m&amp#27;[32m"&amp#27;[0m      &amp#27;[90m# PredefinedStepDefs.iClickOnElementWithXpath(String)&amp#27;[0m
    &amp#27;[32mThen &amp#27;[0m&amp#27;[32melement with xpath "&amp#27;[0m&amp#27;[32m&amp#27;[1m//mat-list[@class='mat-list']&amp#27;[0m&amp#27;[32m" should be present&amp#27;[0m                  &amp#27;[90m# PredefinedStepDefs.elementWithXpathShouldBePresent(String)&amp#27;[0m
    &amp#27;[32mThen &amp#27;[0m&amp#27;[32mI wait for &amp#27;[0m&amp#27;[32m&amp#27;[1m2&amp#27;[0m&amp#27;[32m sec&amp#27;[0m                                                                      &amp#27;[90m# PredefinedStepDefs.iWaitForSec(int)&amp#27;[0m
    &amp#27;[31mWhen &amp#27;[0m&amp#27;[31mI click on element with xpath "&amp#27;[0m&amp#27;[31m&amp#27;[1m//h5[contains(text(),'Settings')]&amp#27;[0m&amp#27;[31m"&amp#27;[0m                     &amp#27;[90m# PredefinedStepDefs.iClickOnElementWithXpath(String)&amp#27;[0m
      &amp#27;[31morg.openqa.selenium.NoSuchElementException: no such element: Unable to locate element: {"method":"xpath","selector":"//h5[contains(text(),'Settings')]"}
  (Session info: chrome=110.0.5481.100)
For documentation on this error, please visit: https://www.seleniumhq.org/exceptions/no_such_element.html
Build info: version: '3.141.59', revision: 'e82be7d358', time: '2018-11-14T08:17:03'
System info: host: 'MTVC02PQ1J3G8WL', ip: 'fd08:aca2:f8dc:0:d55:4f1:cd1a:139c%en0', os.name: 'Mac OS X', os.arch: 'x86_64', os.version: '10.15.7', java.version: '14.0.2'
Driver info: org.openqa.selenium.chrome.ChromeDriver
Capabilities {acceptInsecureCerts: false, browserName: chrome, browserVersion: 110.0.5481.100, chrome: {chromedriverVersion: 110.0.5481.77 (65ed616c6e8e..., userDataDir: /var/folders/m9/j2vnwyrn3hz...}, goog:chromeOptions: {debuggerAddress: localhost:50165}, javascriptEnabled: true, networkConnectionEnabled: false, pageLoadStrategy: normal, platform: MAC, platformName: MAC, proxy: Proxy(), setWindowRect: true, strictFileInteractability: false, timeouts: {implicit: 0, pageLoad: 300000, script: 30000}, unhandledPromptBehavior: dismiss and notify, webauthn:extension:credBlob: true, webauthn:extension:largeBlob: true, webauthn:virtualAuthenticators: true}
Session ID: 033f193336eb01e676e3665ebd9d0434
*** Element info: {Using=xpath, value=//h5[contains(text(),'Settings')]}
	at java.base/jdk.internal.reflect.NativeConstructorAccessorImpl.newInstance0(Native Method)
	at java.base/jdk.internal.reflect.NativeConstructorAccessorImpl.newInstance(NativeConstructorAccessorImpl.java:62)
	at java.base/jdk.internal.reflect.DelegatingConstructorAccessorImpl.newInstance(DelegatingConstructorAccessorImpl.java:45)
	at java.base/java.lang.reflect.Constructor.newInstanceWithCaller(Constructor.java:500)
	at java.base/java.lang.reflect.Constructor.newInstance(Constructor.java:481)
	at org.openqa.selenium.remote.http.W3CHttpResponseCodec.createException(W3CHttpResponseCodec.java:187)
	at org.openqa.selenium.remote.http.W3CHttpResponseCodec.decode(W3CHttpResponseCodec.java:122)
	at org.openqa.selenium.remote.http.W3CHttpResponseCodec.decode(W3CHttpResponseCodec.java:49)
	at org.openqa.selenium.remote.HttpCommandExecutor.execute(HttpCommandExecutor.java:158)
	at org.openqa.selenium.remote.service.DriverCommandExecutor.execute(DriverCommandExecutor.java:83)
	at org.openqa.selenium.remote.RemoteWebDriver.execute(RemoteWebDriver.java:552)
	at org.openqa.selenium.remote.RemoteWebDriver.findElement(RemoteWebDriver.java:323)
	at org.openqa.selenium.remote.RemoteWebDriver.findElementByXPath(RemoteWebDriver.java:428)
	at org.openqa.selenium.By$ByXPath.findElement(By.java:353)
	at org.openqa.selenium.remote.RemoteWebDriver.findElement(RemoteWebDriver.java:315)
	at definitions.PredefinedStepDefs.iClickOnElementWithXpath(PredefinedStepDefs.java:100)
	at ✽.I click on element with xpath "//h5[contains(text(),'Settings')]"(file:src/test/resources/features/Daria_S_StudentSettingsPassword.feature:9)
&amp#27;[0m
    &amp#27;[36mThen &amp#27;[0m&amp#27;[36melement with xpath "&amp#27;[0m&amp#27;[36m&amp#27;[1m//span[text()='Change Your Password']&amp#27;[0m&amp#27;[36m" should be present&amp#27;[0m          &amp#27;[90m# PredefinedStepDefs.elementWithXpathShouldBePresent(String)&amp#27;[0m
    &amp#27;[36mThen &amp#27;[0m&amp#27;[36mI click on element with xpath "&amp#27;[0m&amp#27;[36m&amp#27;[1m//span[text()='Change Your Password']&amp#27;[0m&amp#27;[36m"&amp#27;[0m                 &amp#27;[90m# PredefinedStepDefs.iClickOnElementWithXpath(String)&amp#27;[0m
    &amp#27;[36mThen &amp#27;[0m&amp#27;[36melement with xpath "&amp#27;[0m&amp#27;[36m&amp#27;[1m//mat-dialog-container[@role='dialog']&amp#27;[0m&amp#27;[36m" should be present&amp#27;[0m         &amp#27;[90m# PredefinedStepDefs.elementWithXpathShouldBePresent(String)&amp#27;[0m
    &amp#27;[36mAnd &amp#27;[0m&amp#27;[36melement with xpath "&amp#27;[0m&amp#27;[36m&amp#27;[1m//span[text()='Change']/..&amp#27;[0m&amp#27;[36m" should be disabled&amp#27;[0m                     &amp#27;[90m# PredefinedStepDefs.elementWithXpathShouldBeDisabled(String)&amp#27;[0m

  @regressionTest @smokeTest
  Scenario: Change student password Positive with Daria Step definitions &amp#27;[90m# src/test/resources/features/Daria_S_StudentSettingsPassword.feature:15&amp#27;[0m
    &amp#27;[36mWhen &amp#27;[0m&amp#27;[36mI click on element with xpath "&amp#27;[0m&amp#27;[36m&amp#27;[1m//span[text()='Cancel']/..&amp#27;[0m&amp#27;[36m"&amp#27;[0m      &amp#27;[90m# PredefinedStepDefs.iClickOnElementWithXpath(String)&amp#27;[0m
    &amp#27;[36mThen &amp#27;[0m&amp#27;[36mDS click on log out button&amp#27;[0m                                      &amp#27;[90m# DariaStepdefs.dsClickOnLogOutButton()&amp#27;[0m
    &amp#27;[36mThen &amp#27;[0m&amp#27;[36mDS click on confirm log out button&amp#27;[0m                              &amp#27;[90m# DariaStepdefs.dsClickOnConfirmLogOutButton()&amp#27;[0m
    &amp#27;[36mThen &amp#27;[0m&amp#27;[36mI wait for &amp#27;[0m&amp#27;[36m&amp#27;[1m3&amp#27;[0m&amp#27;[36m sec&amp#27;[0m                                                &amp#27;[90m# PredefinedStepDefs.iWaitForSec(int)&amp#27;[0m
    &amp#27;[36mThen &amp#27;[0m&amp#27;[36mI wait for &amp#27;[0m&amp#27;[36m&amp#27;[1m2&amp#27;[0m&amp#27;[36m sec&amp#27;[0m                                                &amp#27;[90m# PredefinedStepDefs.iWaitForSec(int)&amp#27;[0m
    &amp#27;[36mGiven &amp#27;[0m&amp#27;[36mDS go to &amp#27;[0m&amp#27;[36m&amp#27;[1m"ASK"&amp#27;[0m&amp#27;[36m application&amp#27;[0m                                     &amp#27;[90m# DariaStepdefs.dsGoToApplication(String)&amp#27;[0m
    &amp#27;[36mThen &amp#27;[0m&amp#27;[36mDS see login page&amp#27;[0m                                               &amp#27;[90m# DariaStepdefs.dsSeeLoginPage()&amp#27;[0m
    &amp#27;[36mThen &amp#27;[0m&amp#27;[36mDS type &amp#27;[0m&amp#27;[36m&amp#27;[1m"student3@gmail.com"&amp#27;[0m&amp#27;[36m to email field&amp#27;[0m                     &amp#27;[90m# DariaStepdefs.dsTypeToEmailField(String)&amp#27;[0m
    &amp#27;[36mThen &amp#27;[0m&amp#27;[36mDS type &amp#27;[0m&amp#27;[36m&amp#27;[1m"12345ABc"&amp#27;[0m&amp#27;[36m to password field&amp#27;[0m                            &amp#27;[90m# DariaStepdefs.dsTypeToPasswordField(String)&amp#27;[0m
    &amp#27;[36mThen &amp#27;[0m&amp#27;[36mDS click on sign in button&amp#27;[0m                                      &amp#27;[90m# DariaStepdefs.dsClickOnSignInButton()&amp#27;[0m
    &amp#27;[36mThen &amp#27;[0m&amp#27;[36mDS see home page&amp#27;[0m                                                &amp#27;[90m# DariaStepdefs.dsSeeHomePage()&amp#27;[0m
    &amp#27;[36mThen &amp#27;[0m&amp#27;[36mI wait for &amp#27;[0m&amp#27;[36m&amp#27;[1m2&amp#27;[0m&amp#27;[36m sec&amp#27;[0m                                                &amp#27;[90m# PredefinedStepDefs.iWaitForSec(int)&amp#27;[0m
    &amp#27;[36mThen &amp#27;[0m&amp#27;[36mDS go to settings&amp#27;[0m                                               &amp#27;[90m# DariaStepdefs.dsGoToSettings()&amp#27;[0m
    &amp#27;[36mThen &amp#27;[0m&amp#27;[36mDS see options to change name or password&amp#27;[0m                       &amp#27;[90m# DariaStepdefs.dsSeeOptionsToChangeNameOrPassword()&amp#27;[0m
    &amp#27;[36mThen &amp#27;[0m&amp#27;[36mDS click on change password&amp#27;[0m                                     &amp#27;[90m# DariaStepdefs.dsClickOnChangePassword()&amp#27;[0m
    &amp#27;[36mThen &amp#27;[0m&amp#27;[36mDS see field for typing new password&amp#27;[0m                            &amp#27;[90m# DariaStepdefs.dsSeeFieldForTypingNewPassword()&amp#27;[0m
    &amp#27;[36mThen &amp#27;[0m&amp#27;[36mDS type  &amp#27;[0m&amp#27;[36m&amp#27;[1m"12345ABc"&amp#27;[0m&amp#27;[36m to field password&amp#27;[0m                           &amp#27;[90m# DariaStepdefs.dsTypeToFieldPassword(String)&amp#27;[0m
    &amp#27;[36mThen &amp#27;[0m&amp#27;[36mI wait for &amp#27;[0m&amp#27;[36m&amp#27;[1m3&amp#27;[0m&amp#27;[36m sec&amp#27;[0m                                                &amp#27;[90m# PredefinedStepDefs.iWaitForSec(int)&amp#27;[0m
    &amp#27;[36mThen &amp#27;[0m&amp#27;[36mDS type &amp#27;[0m&amp#27;[36m&amp#27;[1m"12345"&amp#27;[0m&amp#27;[36m to field new password&amp#27;[0m                           &amp#27;[90m# DariaStepdefs.dsTypeToFieldNewPassword(String)&amp#27;[0m
    &amp#27;[36mThen &amp#27;[0m&amp#27;[36mDS type &amp#27;[0m&amp#27;[36m&amp#27;[1m"12345"&amp#27;[0m&amp#27;[36m to field confirm new password&amp#27;[0m                   &amp#27;[90m# DariaStepdefs.dsTypeToFieldConfirmNewPassword(String)&amp#27;[0m
    &amp#27;[36mThen &amp#27;[0m&amp#27;[36mDS click on change button&amp#27;[0m                                       &amp#27;[90m# DariaStepdefs.dsClickOnChangeButton()&amp#27;[0m
    &amp#27;[36mThen &amp#27;[0m&amp#27;[36mDS see home page&amp#27;[0m                                                &amp#27;[90m# DariaStepdefs.dsSeeHomePage()&amp#27;[0m
    &amp#27;[36mThen &amp#27;[0m&amp#27;[36mDS click on log out button&amp#27;[0m                                      &amp#27;[90m# DariaStepdefs.dsClickOnLogOutButton()&amp#27;[0m
    &amp#27;[36mThen &amp#27;[0m&amp#27;[36mDS click on confirm log out button&amp#27;[0m                              &amp#27;[90m# DariaStepdefs.dsClickOnConfirmLogOutButton()&amp#27;[0m
    &amp#27;[36mThen &amp#27;[0m&amp#27;[36mI wait for &amp#27;[0m&amp#27;[36m&amp#27;[1m5&amp#27;[0m&amp#27;[36m sec&amp#27;[0m                                                &amp#27;[90m# PredefinedStepDefs.iWaitForSec(int)&amp#27;[0m
    &amp#27;[36mThen &amp#27;[0m&amp#27;[36mDS see login page&amp#27;[0m                                               &amp#27;[90m# DariaStepdefs.dsSeeLoginPage()&amp#27;[0m
    &amp#27;[36mThen &amp#27;[0m&amp#27;[36mDS type &amp#27;[0m&amp#27;[36m&amp#27;[1m"student3@gmail.com"&amp#27;[0m&amp#27;[36m to email field&amp#27;[0m                     &amp#27;[90m# DariaStepdefs.dsTypeToEmailField(String)&amp#27;[0m
    &amp#27;[36mThen &amp#27;[0m&amp#27;[36mDS type &amp#27;[0m&amp#27;[36m&amp#27;[1m"12345"&amp#27;[0m&amp#27;[36m to password field&amp#27;[0m                               &amp#27;[90m# DariaStepdefs.dsTypeToPasswordField(String)&amp#27;[0m
    &amp#27;[36mThen &amp#27;[0m&amp#27;[36mDS click on sign in button&amp#27;[0m                                      &amp#27;[90m# DariaStepdefs.dsClickOnSignInButton()&amp#27;[0m
    &amp#27;[36mThen &amp#27;[0m&amp#27;[36mDS see home page&amp#27;[0m                                                &amp#27;[90m# DariaStepdefs.dsSeeHomePage()&amp#27;[0m
    &amp#27;[36mThen &amp#27;[0m&amp#27;[36mI wait for &amp#27;[0m&amp#27;[36m&amp#27;[1m3&amp#27;[0m&amp#27;[36m sec&amp#27;[0m                                                &amp#27;[90m# PredefinedStepDefs.iWaitForSec(int)&amp#27;[0m
    &amp#27;[36mThen &amp#27;[0m&amp#27;[36mDS go to settings&amp#27;[0m                                               &amp#27;[90m# DariaStepdefs.dsGoToSettings()&amp#27;[0m
    &amp#27;[36mThen &amp#27;[0m&amp#27;[36mDS see options to change name or password&amp#27;[0m                       &amp#27;[90m# DariaStepdefs.dsSeeOptionsToChangeNameOrPassword()&amp#27;[0m
    &amp#27;[36mThen &amp#27;[0m&amp#27;[36mDS click on change password&amp#27;[0m                                     &amp#27;[90m# DariaStepdefs.dsClickOnChangePassword()&amp#27;[0m
    &amp#27;[36mThen &amp#27;[0m&amp#27;[36mDS see field for typing new password&amp#27;[0m                            &amp#27;[90m# DariaStepdefs.dsSeeFieldForTypingNewPassword()&amp#27;[0m
    &amp#27;[36mThen &amp#27;[0m&amp#27;[36mDS type  &amp#27;[0m&amp#27;[36m&amp#27;[1m"12345"&amp#27;[0m&amp#27;[36m to field password&amp#27;[0m                              &amp#27;[90m# DariaStepdefs.dsTypeToFieldPassword(String)&amp#27;[0m
    &amp#27;[36mThen &amp#27;[0m&amp#27;[36mDS type &amp#27;[0m&amp#27;[36m&amp#27;[1m"12345ABc"&amp#27;[0m&amp#27;[36m to field new password&amp#27;[0m                        &amp#27;[90m# DariaStepdefs.dsTypeToFieldNewPassword(String)&amp#27;[0m
    &amp#27;[36mThen &amp#27;[0m&amp#27;[36mDS type &amp#27;[0m&amp#27;[36m&amp#27;[1m"12345ABc"&amp#27;[0m&amp#27;[36m to field confirm new password&amp#27;[0m                &amp#27;[90m# DariaStepdefs.dsTypeToFieldConfirmNewPassword(String)&amp#27;[0m
    &amp#27;[36mThen &amp#27;[0m&amp#27;[36mDS click on change button&amp#27;[0m                                       &amp#27;[90m# DariaStepdefs.dsClickOnChangeButton()&amp#27;[0m
    &amp#27;[36mThen &amp#27;[0m&amp#27;[36mI wait for &amp#27;[0m&amp#27;[36m&amp#27;[1m3&amp#27;[0m&amp#27;[36m sec&amp#27;[0m                                                &amp#27;[90m# PredefinedStepDefs.iWaitForSec(int)&amp#27;[0m
    &amp#27;[36mThen &amp#27;[0m&amp#27;[36mDS see home page&amp#27;[0m                                                &amp#27;[90m# DariaStepdefs.dsSeeHomePage()&amp#27;[0m
    &amp#27;[36mThen &amp#27;[0m&amp#27;[36mDS click on log out button&amp#27;[0m                                      &amp#27;[90m# DariaStepdefs.dsClickOnLogOutButton()&amp#27;[0m
    &amp#27;[36mThen &amp#27;[0m&amp#27;[36mDS click on confirm log out button&amp#27;[0m                              &amp#27;[90m# DariaStepdefs.dsClickOnConfirmLogOutButton()&amp#27;[0m
    &amp#27;[36mThen &amp#27;[0m&amp#27;[36mI wait for &amp#27;[0m&amp#27;[36m&amp#27;[1m5&amp#27;[0m&amp#27;[36m sec&amp#27;[0m                                                &amp#27;[90m# PredefinedStepDefs.iWaitForSec(int)&amp#27;[0m
    &amp#27;[36mThen &amp#27;[0m&amp#27;[36mDS see home page&amp#27;[0m                                                &amp#27;[90m# DariaStepdefs.dsSeeHomePage()&amp#27;[0m
]]></system-out>
    <system-err><![CDATA[Feb 21, 2023 11:09:17 AM cucumber.runtime.java.ObjectFactoryLoader loadSingleObjectFactory
WARNING: Use deprecated reflections to load ObjectFactory.
ChromeDriver was started successfully.
Feb 21, 2023 11:09:22 AM org.openqa.selenium.remote.ProtocolHandshake createSession
INFO: Detected dialect: W3C
]]></system-err>
  </testcase>
</testsuite>